********************************************************************************
DUPLICATOR-LITE PACKAGE-LOG: May 19, 2020 10:28 am
NOTICE: Do NOT post to public sites or forums 
********************************************************************************
VERSION:	1.3.34
WORDPRESS:	5.4.1
PHP INFO:	7.2.24-0ubuntu0.18.04.4 | SAPI: apache2handler
SERVER:		Apache/2.4.29 (Ubuntu) 
PHP TIME LIMIT: (0) no time limit imposed 
PHP MAX MEMORY: 4294967296 (64096M default) 
MEMORY STACK: 4MB

********************************************************************************
DATABASE:
********************************************************************************
BUILD MODE:   MYSQLDUMP
MYSQLTIMEOUT: 5000
MYSQLDUMP:    Is Supported
SQL CREATED: 20200518_shopikhan_ab5eb344f2a03c1f2225_20200519102617_database.sql
SQL FILE SIZE: 101.21MB (106130778)
SQL FILE TIME: 2020-05-19 10:28:29
SQL RUNTIME: 2.46 sec.

********************************************************************************
ARCHIVE (ZIP):
********************************************************************************
ARCHIVE DIR:  /home/admin/web/shopikhan.com/public_html
ARCHIVE FILE: 20200518_shopikhan_ab5eb344f2a03c1f2225_20200519102617_archive.zip
FILTERS: *OFF*
DIRS:
	not set
FILES:
	not set
EXTS:  not set
----------------------------------------
COMPRESSING
SIZE:	6.64GB
STATS:	Dirs 2,233 | Files 42,340
SQL ADDED: 20200518_shopikhan_ab5eb344f2a03c1f2225_20200519102617_database.sql
ZipArchive Object
(
    [status] => 0
    [statusSys] => 0
    [numFiles] => 44573
    [filename] => /home/admin/web/shopikhan.com/public_html/wp-snapshots/tmp/20200518_shopikhan_ab5eb344f2a03c1f2225_20200519102617_archive.zip
    [comment] => 
)

FILE ADDED TO ZIP: 44572
COMPRESSION RESULT: '1'
COMPRESSED SIZE: 6.28GB
ARCHIVE RUNTIME: 321.35 sec.
MEMORY STACK: 19.63MB
[PHP ERR][NOTICE] MSG:mysqli_query(): send of 8192 bytes failed with errno=32 Broken pipe [CODE:8|FILE:/home/admin/web/shopikhan.com/public_html/wp-includes/wp-db.php|LINE:2024]
do_action('wp_ajax_duplicator_package_build'), WP_Hook->do_action, WP_Hook->apply_filters, duplicator_package_build, DUP_Package->runZipBuild, DUP_Archive->build, DUP_Package->setStatus, DUP_Package->update, wpdb->query, wpdb->_do_query, mysqli_query, DUP_Handler::error, DUP_Handler::getMessage
[PHP ERR][WARN] MSG:Error while sending QUERY packet. PID=2221 [CODE:2|FILE:/home/admin/web/shopikhan.com/public_html/wp-includes/wp-db.php|LINE:2024]
do_action('wp_ajax_duplicator_package_build'), WP_Hook->do_action, WP_Hook->apply_filters, duplicator_package_build, DUP_Package->runZipBuild, DUP_Archive->build, DUP_Package->setStatus, DUP_Package->update, wpdb->query, wpdb->_do_query, mysqli_query, DUP_Handler::error, DUP_Handler::getMessage
building installer
add_extra_files1
add_extra_files2
add_extra_files3
add_extra_files4
Doing archive file check
add_extra_files5
add_extra_files6
add_extra_files8
Successfully opened zip /home/admin/web/shopikhan.com/public_html/wp-snapshots/tmp/20200518_shopikhan_ab5eb344f2a03c1f2225_20200519102617_archive.zip
Adding enhanced installer files to archive using ZipArchive
Installer files added to archive
Added to archive
After ziparchive close when adding installer

********************************************************************************
INTEGRITY CHECKS:
********************************************************************************
SQL FILE: 101.21MB
INSTALLER FILE: 61.32KB
ARCHIVE FILE: 6.28GB 
EXPECTED FILE/DIRECTORY COUNT: 44,573
ACTUAL FILE/DIRECTORY COUNT: 44,572
[PHP ERR][NOTICE] MSG:mysqli_query(): send of 8192 bytes failed with errno=32 Broken pipe [CODE:8|FILE:/home/admin/web/shopikhan.com/public_html/wp-includes/wp-db.php|LINE:2024]
do_action('wp_ajax_duplicator_package_build'), WP_Hook->do_action, WP_Hook->apply_filters, duplicator_package_build, DUP_Package->runZipBuild, DUP_Package->runDupArchiveBuildIntegrityCheck, DUP_Package->update, wpdb->query, wpdb->_do_query, mysqli_query, DUP_Handler::error, DUP_Handler::getMessage
[PHP ERR][WARN] MSG:Error while sending QUERY packet. PID=2221 [CODE:2|FILE:/home/admin/web/shopikhan.com/public_html/wp-includes/wp-db.php|LINE:2024]
do_action('wp_ajax_duplicator_package_build'), WP_Hook->do_action, WP_Hook->apply_filters, duplicator_package_build, DUP_Package->runZipBuild, DUP_Package->runDupArchiveBuildIntegrityCheck, DUP_Package->update, wpdb->query, wpdb->_do_query, mysqli_query, DUP_Handler::error, DUP_Handler::getMessage

==================================================================================
DUPLICATOR ERROR
Please try again! If the error persists see the Duplicator 'Help' menu.
---------------------------------------------------------------------------------
MESSAGE:
	ERROR: Archive doesn't pass consistency check.
TRACE:
	 1. class.pack.php : Error (974)
	 2. class.pack.php : runDupArchiveBuildIntegrityCheck (1258)
	 3. ctrl.package.php : runZipBuild (97)
	 4. class-wp-hook.php : duplicator_package_build (287)
	 5. class-wp-hook.php : apply_filters (311)
	 6. plugin.php : do_action (478)
	 7. admin-ajax.php : do_action (175)
==================================================================================

[PHP ERR][WARN] MSG:fclose() expects parameter 1 to be resource, boolean given [CODE:2|FILE:/home/admin/web/shopikhan.com/public_html/wp-content/plugins/wp-file-manager/file_folder_manager.php|LINE:60]
DUP_Handler::shutdown, DUP_Handler::error, DUP_Handler::getMessage
